Using pre-set license
Built from '2020.3/staging' branch; Version is '2020.3.23f1 (c5d91304a876) revision 12966163'; Using compiler version '192528614'; Build Type 'Release'
OS: 'Windows 10 Pro; OS build 22000.318; Version 2009; 64bit' Language: 'en' Physical Memory: 32693 MB
BatchMode: 1, IsHumanControllingUs: 0, StartBugReporterOnCrash: 0, Is64bit: 1, IsPro: 0

COMMAND LINE ARGUMENTS:
C:\Program Files\Unity\Hub\Editor\2020.3.23f1\Editor\Unity.exe
-adb2
-batchMode
-noUpm
-name
AssetImportWorker0
-projectPath
D:/GitHub/Programming-Theory-Repo/Programming-Theory-Repo
-logFile
Logs/AssetImportWorker0.log
-srvPort
64295
Successfully changed project path to: D:/GitHub/Programming-Theory-Repo/Programming-Theory-Repo
D:/GitHub/Programming-Theory-Repo/Programming-Theory-Repo
Using Asset Import Pipeline V2.
Refreshing native plugins compatible for Editor in 19.85 ms, found 2 plugins.
Preloading 0 native plugins for Editor in 0.00 ms.
Initialize engine version: 2020.3.23f1 (c5d91304a876)
[Subsystems] Discovering subsystems at path C:/Program Files/Unity/Hub/Editor/2020.3.23f1/Editor/Data/Resources/UnitySubsystems
[Subsystems] Discovering subsystems at path D:/GitHub/Programming-Theory-Repo/Programming-Theory-Repo/Assets
GfxDevice: creating device client; threaded=0
Direct3D:
    Version:  Direct3D 11.0 [level 11.1]
    Renderer: AMD Radeon RX 5700 XT (ID=0x731f)
    Vendor:   
    VRAM:     7894 MB
    Driver:   30.0.13037.1003
Initialize mono
Mono path[0] = 'C:/Program Files/Unity/Hub/Editor/2020.3.23f1/Editor/Data/Managed'
Mono path[1] = 'C:/Program Files/Unity/Hub/Editor/2020.3.23f1/Editor/Data/MonoBleedingEdge/lib/mono/unityjit'
Mono config path = 'C:/Program Files/Unity/Hub/Editor/2020.3.23f1/Editor/Data/MonoBleedingEdge/etc'
Using monoOptions --debugger-agent=transport=dt_socket,embedding=1,server=y,suspend=n,address=127.0.0.1:56372
Begin MonoManager ReloadAssembly
Registering precompiled unity dll's ...
Register platform support module: C:/Program Files/Unity/Hub/Editor/2020.3.23f1/Editor/Data/PlaybackEngines/WindowsStandaloneSupport/UnityEditor.WindowsStandalone.Extensions.dll
Registered in 0.000870 seconds.
Native extension for WindowsStandalone target not found
Refreshing native plugins compatible for Editor in 19.85 ms, found 2 plugins.
Preloading 0 native plugins for Editor in 0.00 ms.
Mono: successfully reloaded assembly
- Completed reload, in  0.343 seconds
Domain Reload Profiling:
	ReloadAssembly (343ms)
		BeginReloadAssembly (31ms)
			ExecutionOrderSort (0ms)
			DisableScriptedObjects (0ms)
			BackupInstance (0ms)
			ReleaseScriptingObjects (0ms)
			CreateAndSetChildDomain (0ms)
		EndReloadAssembly (269ms)
			LoadAssemblies (30ms)
			RebuildTransferFunctionScriptingTraits (0ms)
			SetupTypeCache (86ms)
			ReleaseScriptCaches (0ms)
			RebuildScriptCaches (18ms)
			SetupLoadedEditorAssemblies (102ms)
				LogAssemblyErrors (0ms)
				InitializePlatformSupportModulesInManaged (3ms)
				SetLoadedEditorAssemblies (0ms)
				RefreshPlugins (20ms)
				BeforeProcessingInitializeOnLoad (10ms)
				ProcessInitializeOnLoadAttributes (51ms)
				ProcessInitializeOnLoadMethodAttributes (17ms)
				AfterProcessingInitializeOnLoad (0ms)
				EditorAssembliesLoaded (0ms)
			ExecutionOrderSort2 (0ms)
			AwakeInstancesAfterBackupRestoration (0ms)
Platform modules already initialized, skipping
Registering precompiled user dll's ...
Registered in 0.001538 seconds.
Begin MonoManager ReloadAssembly
Native extension for WindowsStandalone target not found
Refreshing native plugins compatible for Editor in 0.30 ms, found 2 plugins.
Preloading 0 native plugins for Editor in 0.00 ms.
Mono: successfully reloaded assembly
- Completed reload, in  0.591 seconds
Domain Reload Profiling:
	ReloadAssembly (592ms)
		BeginReloadAssembly (83ms)
			ExecutionOrderSort (0ms)
			DisableScriptedObjects (3ms)
			BackupInstance (0ms)
			ReleaseScriptingObjects (0ms)
			CreateAndSetChildDomain (13ms)
		EndReloadAssembly (471ms)
			LoadAssemblies (49ms)
			RebuildTransferFunctionScriptingTraits (0ms)
			SetupTypeCache (159ms)
			ReleaseScriptCaches (0ms)
			RebuildScriptCaches (23ms)
			SetupLoadedEditorAssemblies (186ms)
				LogAssemblyErrors (0ms)
				InitializePlatformSupportModulesInManaged (3ms)
				SetLoadedEditorAssemblies (0ms)
				RefreshPlugins (0ms)
				BeforeProcessingInitializeOnLoad (48ms)
				ProcessInitializeOnLoadAttributes (126ms)
				ProcessInitializeOnLoadMethodAttributes (6ms)
				AfterProcessingInitializeOnLoad (3ms)
				EditorAssembliesLoaded (0ms)
			ExecutionOrderSort2 (0ms)
			AwakeInstancesAfterBackupRestoration (4ms)
Platform modules already initialized, skipping
========================================================================
Worker process is ready to serve import requests
Launched and connected shader compiler UnityShaderCompiler.exe after 0.03 seconds
Refreshing native plugins compatible for Editor in 0.31 ms, found 2 plugins.
Preloading 0 native plugins for Editor in 0.00 ms.
Unloading 1498 Unused Serialized files (Serialized files now loaded: 0)
System memory in use before: 67.4 MB.
System memory in use after: 67.5 MB.

Unloading 19 unused Assets to reduce memory usage. Loaded Objects now: 1930.
Total: 1.948800 ms (FindLiveObjects: 0.096900 ms CreateObjectMapping: 0.027500 ms MarkObjects: 1.780800 ms  DeleteObjects: 0.043000 ms)

AssetImportParameters requested are different than current active one (requested -> active):
  custom:framework-win-MediaFoundation: 216162199b28c13a410421893ffa2e32 -> 
  custom:video-decoder-ogg-theora: a1e56fd34408186e4bbccfd4996cb3dc -> 
  custom:container-muxer-webm: aa71ff27fc2769a1b78a27578f13a17b -> 
  custom:container-demuxer-webm: 4f35f7cbe854078d1ac9338744f61a02 -> 
  custom:container-demuxer-ogg: 62fdf1f143b41e24485cea50d1cbac27 -> 
  custom:video-encoder-webm-vp8: eb34c28f22e8b96e1ab97ce403110664 -> 
  custom:video-decoder-webm-vp8: 9c59270c3fd7afecdb556c50c9e8de78 -> 
  custom:audio-decoder-ogg-vorbis: bf7c407c2cedff20999df2af8eb42d56 -> 
  custom:audio-encoder-webm-vorbis: bf7c407c2cedff20999df2af8eb42d56 -> 
========================================================================
Received Import Request.
  path: ProjectSettings/TagManager.asset
  artifactKey: Guid(00000000000000003000000000000000) Importer(815301076,1909f56bfc062723c751e8b465ee728b)
Start importing ProjectSettings/TagManager.asset using Guid(00000000000000003000000000000000) Importer(815301076,1909f56bfc062723c751e8b465ee728b)  -> (artifact id: 'ce6a35c3cddc746e7501c0bd0ed6d4ce') in 0.021126 seconds 
  Import took 0.024043 seconds .

========================================================================
Received Import Request.
  Time since last request: 139.382209 seconds.
  path: Assets/CopperOreIcon.png
  artifactKey: Guid(8d360e87d231ae04faf1949457096b8a) Importer(815301076,1909f56bfc062723c751e8b465ee728b)
Start importing Assets/CopperOreIcon.png using Guid(8d360e87d231ae04faf1949457096b8a) Importer(815301076,1909f56bfc062723c751e8b465ee728b)  -> (artifact id: '0b2debf9db1bd5c82a801e36c39595ef') in 0.025856 seconds 
  Import took 0.028075 seconds .

========================================================================
Received Import Request.
  Time since last request: 2.761922 seconds.
  path: Assets/StoneOreIcon.png
  artifactKey: Guid(8ffed0f7984c6094b87f66c544b8d3bf) Importer(815301076,1909f56bfc062723c751e8b465ee728b)
Start importing Assets/StoneOreIcon.png using Guid(8ffed0f7984c6094b87f66c544b8d3bf) Importer(815301076,1909f56bfc062723c751e8b465ee728b)  -> (artifact id: '4e8145ab20cbab50aa6c7ff9e2797c46') in 0.007575 seconds 
  Import took 0.009962 seconds .

========================================================================
Received Import Request.
  Time since last request: 54.442421 seconds.
  path: Assets
  artifactKey: Guid(00000000000000001000000000000000) Importer(815301076,1909f56bfc062723c751e8b465ee728b)
Start importing Assets using Guid(00000000000000001000000000000000) Importer(815301076,1909f56bfc062723c751e8b465ee728b)  -> (artifact id: '42d402b061de3733987d63b9cc3b64de') in 0.006137 seconds 
  Import took 0.009238 seconds .

========================================================================
Received Import Request.
  Time since last request: 8.824904 seconds.
  path: Assets/New Material.mat
  artifactKey: Guid(90a2cf189923fab4187dbedf538d5ddc) Importer(815301076,1909f56bfc062723c751e8b465ee728b)
Start importing Assets/New Material.mat using Guid(90a2cf189923fab4187dbedf538d5ddc) Importer(815301076,1909f56bfc062723c751e8b465ee728b)  -> (artifact id: '92038ce8af6a0bec1348287bfcc92a8c') in 0.047793 seconds 
  Import took 0.050720 seconds .

========================================================================
Received Import Request.
  Time since last request: 21.984829 seconds.
  path: Assets/CopperMaterial.mat
  artifactKey: Guid(90a2cf189923fab4187dbedf538d5ddc) Importer(815301076,1909f56bfc062723c751e8b465ee728b)
Start importing Assets/CopperMaterial.mat using Guid(90a2cf189923fab4187dbedf538d5ddc) Importer(815301076,1909f56bfc062723c751e8b465ee728b)  -> (artifact id: '461849e04d3b147928a85581e69a0e47') in 0.011885 seconds 
  Import took 0.014734 seconds .

========================================================================
Received Import Request.
  Time since last request: 5.710647 seconds.
  path: Assets/New Material.mat
  artifactKey: Guid(c74e8a6de09769646b34b6a2962d9326) Importer(815301076,1909f56bfc062723c751e8b465ee728b)
Start importing Assets/New Material.mat using Guid(c74e8a6de09769646b34b6a2962d9326) Importer(815301076,1909f56bfc062723c751e8b465ee728b)  -> (artifact id: '88c53be7b6b7a6235f48053d9286cfb2') in 0.008903 seconds 
  Import took 0.012090 seconds .

========================================================================
Received Import Request.
  Time since last request: 10.444062 seconds.
  path: Assets/StoneMaterial.mat
  artifactKey: Guid(c74e8a6de09769646b34b6a2962d9326) Importer(815301076,1909f56bfc062723c751e8b465ee728b)
Start importing Assets/StoneMaterial.mat using Guid(c74e8a6de09769646b34b6a2962d9326) Importer(815301076,1909f56bfc062723c751e8b465ee728b)  -> (artifact id: 'b823327ec903aef391d4a9457fe54cd7') in 0.010184 seconds 
  Import took 0.013173 seconds .

========================================================================
Received Import Request.
  Time since last request: 4.499020 seconds.
  path: Assets/TinOreIcon.png
  artifactKey: Guid(2b10c8f74a4010544a590d4325feeb33) Importer(815301076,1909f56bfc062723c751e8b465ee728b)
Start importing Assets/TinOreIcon.png using Guid(2b10c8f74a4010544a590d4325feeb33) Importer(815301076,1909f56bfc062723c751e8b465ee728b)  -> (artifact id: '81a5a609bc71cd2e2cb38047ec8b7fb4') in 0.007706 seconds 
  Import took 0.009621 seconds .

========================================================================
Received Import Request.
  Time since last request: 10.669935 seconds.
  path: Assets/TimMaterial.mat
  artifactKey: Guid(de720f26ec13a484484164b854e276ea) Importer(815301076,1909f56bfc062723c751e8b465ee728b)
Start importing Assets/TimMaterial.mat using Guid(de720f26ec13a484484164b854e276ea) Importer(815301076,1909f56bfc062723c751e8b465ee728b)  -> (artifact id: '7e76322f28318156321bf69ca1590d65') in 0.008158 seconds 
  Import took 0.010677 seconds .

========================================================================
Received Import Request.
  Time since last request: 86.851432 seconds.
  path: Assets/GrassMaterial.mat
  artifactKey: Guid(31f4b584d3a3d4340a672a6b12d4036f) Importer(815301076,1909f56bfc062723c751e8b465ee728b)
Start importing Assets/GrassMaterial.mat using Guid(31f4b584d3a3d4340a672a6b12d4036f) Importer(815301076,1909f56bfc062723c751e8b465ee728b)  -> (artifact id: '5ab1a5c225e0697b15eaa9b026c84c99') in 0.009408 seconds 
  Import took 0.011719 seconds .

========================================================================
Received Import Request.
  Time since last request: 25.038432 seconds.
  path: Assets/Materials
  artifactKey: Guid(5089ab5b82711534c923d5a1a1dde8ce) Importer(815301076,1909f56bfc062723c751e8b465ee728b)
Start importing Assets/Materials using Guid(5089ab5b82711534c923d5a1a1dde8ce) Importer(815301076,1909f56bfc062723c751e8b465ee728b)  -> (artifact id: 'b2cedb2e7425daee6843aba5e6479041') in 0.005355 seconds 
  Import took 0.007250 seconds .

========================================================================
Received Import Request.
  Time since last request: 10.988565 seconds.
  path: Assets/Sprites
  artifactKey: Guid(0ccbd62efaa3a5e4b84ea6a180a40316) Importer(815301076,1909f56bfc062723c751e8b465ee728b)
Start importing Assets/Sprites using Guid(0ccbd62efaa3a5e4b84ea6a180a40316) Importer(815301076,1909f56bfc062723c751e8b465ee728b)  -> (artifact id: '4daec93659d30fe1075fb206ccaa7e80') in 0.005322 seconds 
  Import took 0.007546 seconds .

========================================================================
Received Import Request.
  Time since last request: 97.610645 seconds.
  path: Assets/Materials/Forge.mat
  artifactKey: Guid(3399d39d9c19bc0438030092146fa7df) Importer(815301076,1909f56bfc062723c751e8b465ee728b)
Start importing Assets/Materials/Forge.mat using Guid(3399d39d9c19bc0438030092146fa7df) Importer(815301076,1909f56bfc062723c751e8b465ee728b)  -> (artifact id: '1c054b9c9cef4f21b7068f6f809e14b2') in 0.008220 seconds 
  Import took 0.010597 seconds .

========================================================================
Received Import Request.
  Time since last request: 41.458447 seconds.
  path: Assets/Prefabs
  artifactKey: Guid(347aa4a8447fa394697f811612ed08b5) Importer(815301076,1909f56bfc062723c751e8b465ee728b)
Start importing Assets/Prefabs using Guid(347aa4a8447fa394697f811612ed08b5) Importer(815301076,1909f56bfc062723c751e8b465ee728b)  -> (artifact id: 'db6f1bd727485c6d8d3bcca23824fe5b') in 0.005397 seconds 
  Import took 0.007233 seconds .

========================================================================
Received Import Request.
  Time since last request: 4.508871 seconds.
  path: Assets/Prefabs/Stone Node.prefab
  artifactKey: Guid(9cc4bcc04aee1af4bb9c87be5ead97ab) Importer(815301076,1909f56bfc062723c751e8b465ee728b)
Start importing Assets/Prefabs/Stone Node.prefab using Guid(9cc4bcc04aee1af4bb9c87be5ead97ab) Importer(815301076,1909f56bfc062723c751e8b465ee728b)  -> (artifact id: 'a5659b66a1b83acfa92a794ad0dc94ae') in 0.021122 seconds 
  Import took 0.023456 seconds .

========================================================================
Received Import Request.
  Time since last request: 1.568578 seconds.
  path: Assets/Prefabs/Tin Node.prefab
  artifactKey: Guid(93f7c56d380785740a86b375ee930941) Importer(815301076,1909f56bfc062723c751e8b465ee728b)
Start importing Assets/Prefabs/Tin Node.prefab using Guid(93f7c56d380785740a86b375ee930941) Importer(815301076,1909f56bfc062723c751e8b465ee728b)  -> (artifact id: '7b6ad8f48dc8a212c483d6893c88b3f0') in 0.008351 seconds 
  Import took 0.011173 seconds .

========================================================================
Received Import Request.
  Time since last request: 1.345248 seconds.
  path: Assets/Prefabs/Copper Node.prefab
  artifactKey: Guid(c883f86488fb6c44e93b7480a6428c42) Importer(815301076,1909f56bfc062723c751e8b465ee728b)
Start importing Assets/Prefabs/Copper Node.prefab using Guid(c883f86488fb6c44e93b7480a6428c42) Importer(815301076,1909f56bfc062723c751e8b465ee728b)  -> (artifact id: '439242091ff896025aa99e239c8a7623') in 0.008471 seconds 
  Import took 0.010338 seconds .

========================================================================
Received Import Request.
  Time since last request: 1.490281 seconds.
  path: Assets/Prefabs/Cube.prefab
  artifactKey: Guid(6ce5f5bf0abf0464fa41b15df2022bf0) Importer(815301076,1909f56bfc062723c751e8b465ee728b)
Start importing Assets/Prefabs/Cube.prefab using Guid(6ce5f5bf0abf0464fa41b15df2022bf0) Importer(815301076,1909f56bfc062723c751e8b465ee728b)  -> (artifact id: 'b40c0846e4163fd3ff96fd92426a66fb') in 0.008105 seconds 
  Import took 0.010252 seconds .

